

***********************************************************************
Fatal NI connect error 12547, connecting to:
 (DESCRIPTION=(ADDRESS=(PROTOCOL=TCP)(HOST=mildba09.kenan.com)(PORT=1521))(CONNECT_DATA=(SID=CQPRDCBS)(SERVER=DEDICATED)(CID=(PROGRAM=sqlplus)(HOST=fr-par-fantasio.comverse.com)(USER=nsuser))))

  VERSION INFORMATION:
	TNS for Linux: Version 10.2.0.3.0 - Production
	TCP/IP NT Protocol Adapter for Linux: Version 10.2.0.3.0 - Production
  Time: 01-DEC-2008 20:03:16
  Tracing not turned on.
  Tns error struct:
    ns main err code: 12547
    TNS-12547: TNS:lost contact
    ns secondary err code: 12560
    nt main err code: 517
    TNS-00517: Lost contact
    nt secondary err code: 104
    nt OS err code: 0


***********************************************************************
Fatal NI connect error 12547, connecting to:
 (DESCRIPTION=(ADDRESS=(PROTOCOL=TCP)(HOST=mildba09.kenan.com)(PORT=1521))(CONNECT_DATA=(SID=CQPRDCBS)(SERVER=DEDICATED)(CID=(PROGRAM=sqlplus)(HOST=fr-par-fantasio.comverse.com)(USER=nsuser))))

  VERSION INFORMATION:
	TNS for Linux: Version 10.2.0.3.0 - Production
	TCP/IP NT Protocol Adapter for Linux: Version 10.2.0.3.0 - Production
  Time: 05-DEC-2008 21:04:27
  Tracing not turned on.
  Tns error struct:
    ns main err code: 12547
    TNS-12547: TNS:lost contact
    ns secondary err code: 12560
    nt main err code: 517
    TNS-00517: Lost contact
    nt secondary err code: 104
    nt OS err code: 0


***********************************************************************
Fatal NI connect error 12545, connecting to:
 (DESCRIPTION=(ADDRESS=(PROTOCOL=TCP)(HOST=mildba09.kenan.com)(PORT=1521))(CONNECT_DATA=(SID=CQPRDCBS)(SERVER=DEDICATED)(CID=(PROGRAM=sqlplus)(HOST=fr-par-fantasio.comverse.com)(USER=nsuser))))

  VERSION INFORMATION:
	TNS for Linux: Version 10.2.0.3.0 - Production
	TCP/IP NT Protocol Adapter for Linux: Version 10.2.0.3.0 - Production
  Time: 03-APR-2009 07:40:41
  Tracing not turned on.
  Tns error struct:
    ns main err code: 12545
    TNS-12545: Connect failed because target host or object does not exist
    ns secondary err code: 12560
    nt main err code: 515
    TNS-00515: Connect failed because target host or object does not exist
    nt secondary err code: 0
    nt OS err code: 0


***********************************************************************
Fatal NI connect error 12170.

  VERSION INFORMATION:
	TNS for Linux: Version 10.2.0.3.0 - Production
	TCP/IP NT Protocol Adapter for Linux: Version 10.2.0.3.0 - Production
  Time: 03-APR-2009 07:53:10
  Tracing not turned on.
  Tns error struct:
    ns main err code: 12535
    TNS-12535: TNS:operation timed out
    ns secondary err code: 12560
    nt main err code: 505
    TNS-00505: Operation timed out
    nt secondary err code: 110
    nt OS err code: 0
  Client address: <unknown>


***********************************************************************
Fatal NI connect error 12170.

  VERSION INFORMATION:
	TNS for Linux: Version 10.2.0.3.0 - Production
	TCP/IP NT Protocol Adapter for Linux: Version 10.2.0.3.0 - Production
  Time: 03-APR-2009 08:03:11
  Tracing not turned on.
  Tns error struct:
    ns main err code: 12535
    TNS-12535: TNS:operation timed out
    ns secondary err code: 12560
    nt main err code: 505
    TNS-00505: Operation timed out
    nt secondary err code: 110
    nt OS err code: 0
  Client address: <unknown>


***********************************************************************
Fatal NI connect error 12560, connecting to:
 (DESCRIPTION=(ADDRESS=(PROTOCOL=TCP)(HOST=mildba09.kenan.com)(PORT=1521))(CONNECT_DATA=(SID=CQPRDCBS)(SERVER=DEDICATED)(CID=(PROGRAM=sqlplus)(HOST=fr-par-fantasio.comverse.com)(USER=nsuser))))

  VERSION INFORMATION:
	TNS for Linux: Version 10.2.0.3.0 - Production
	TCP/IP NT Protocol Adapter for Linux: Version 10.2.0.3.0 - Production
  Time: 03-APR-2009 08:10:46
  Tracing not turned on.
  Tns error struct:
    ns main err code: 12560
    TNS-12560: TNS:protocol adapter error
    ns secondary err code: 0
    nt main err code: 530
    TNS-00530: Protocol adapter error
    nt secondary err code: 113
    nt OS err code: 0


***********************************************************************
Fatal NI connect error 12170.

  VERSION INFORMATION:
	TNS for Linux: Version 10.2.0.3.0 - Production
	TCP/IP NT Protocol Adapter for Linux: Version 10.2.0.3.0 - Production
  Time: 03-APR-2009 09:13:10
  Tracing not turned on.
  Tns error struct:
    ns main err code: 12535
    TNS-12535: TNS:operation timed out
    ns secondary err code: 12560
    nt main err code: 505
    TNS-00505: Operation timed out
    nt secondary err code: 110
    nt OS err code: 0
  Client address: <unknown>


***********************************************************************
Fatal NI connect error 12545, connecting to:
 (DESCRIPTION=(ADDRESS=(PROTOCOL=TCP)(HOST=mildba09.kenan.com)(PORT=1521))(CONNECT_DATA=(SID=CQPRDCBS)(SERVER=DEDICATED)(CID=(PROGRAM=sqlplus)(HOST=fr-par-fantasio.comverse.com)(USER=nsuser))))

  VERSION INFORMATION:
	TNS for Linux: Version 10.2.0.3.0 - Production
	TCP/IP NT Protocol Adapter for Linux: Version 10.2.0.3.0 - Production
  Time: 27-APR-2009 05:40:02
  Tracing not turned on.
  Tns error struct:
    ns main err code: 12545
    TNS-12545: Connect failed because target host or object does not exist
    ns secondary err code: 12560
    nt main err code: 515
    TNS-00515: Connect failed because target host or object does not exist
    nt secondary err code: 11
    nt OS err code: 0


***********************************************************************
Fatal NI connect error 12545, connecting to:
 (DESCRIPTION=(ADDRESS=(PROTOCOL=TCP)(HOST=mildba09.kenan.com)(PORT=1521))(CONNECT_DATA=(SID=CQPRDCBS)(SERVER=DEDICATED)(CID=(PROGRAM=sqlplus)(HOST=fr-par-fantasio.comverse.com)(USER=nsuser))))

  VERSION INFORMATION:
	TNS for Linux: Version 10.2.0.3.0 - Production
	TCP/IP NT Protocol Adapter for Linux: Version 10.2.0.3.0 - Production
  Time: 01-MAY-2009 05:40:01
  Tracing not turned on.
  Tns error struct:
    ns main err code: 12545
    TNS-12545: Connect failed because target host or object does not exist
    ns secondary err code: 12560
    nt main err code: 515
    TNS-00515: Connect failed because target host or object does not exist
    nt secondary err code: 11
    nt OS err code: 0


***********************************************************************
Fatal NI connect error 12537, connecting to:
 (DESCRIPTION=(ADDRESS=(PROTOCOL=TCP)(HOST=mildba09.kenan.com)(PORT=1521))(CONNECT_DATA=(SID=CQPRDCBS)(SERVER=DEDICATED)(CID=(PROGRAM=sqlplus)(HOST=fr-par-fantasio.comverse.com)(USER=nsuser))))

  VERSION INFORMATION:
	TNS for Linux: Version 10.2.0.3.0 - Production
	TCP/IP NT Protocol Adapter for Linux: Version 10.2.0.3.0 - Production
  Time: 04-JUN-2009 10:10:02
  Tracing not turned on.
  Tns error struct:
    ns main err code: 12537
    TNS-12537: TNS:connection closed
    ns secondary err code: 12560
    nt main err code: 507
    TNS-00507: Connection closed
    nt secondary err code: 0
    nt OS err code: 0


***********************************************************************
Fatal NI connect error 12541, connecting to:
 (DESCRIPTION=(ADDRESS=(PROTOCOL=TCP)(HOST=mildba09.kenan.com)(PORT=1521))(CONNECT_DATA=(SID=CQPRDCBS)(SERVER=DEDICATED)(CID=(PROGRAM=sqlplus)(HOST=fr-par-fantasio.comverse.com)(USER=nsuser))))

  VERSION INFORMATION:
	TNS for Linux: Version 10.2.0.3.0 - Production
	TCP/IP NT Protocol Adapter for Linux: Version 10.2.0.3.0 - Production
  Time: 04-JUN-2009 10:20:04
  Tracing not turned on.
  Tns error struct:
    ns main err code: 12541
    TNS-12541: TNS:no listener
    ns secondary err code: 12560
    nt main err code: 511
    TNS-00511: No listener
    nt secondary err code: 111
    nt OS err code: 0


***********************************************************************
Fatal NI connect error 12541, connecting to:
 (DESCRIPTION=(ADDRESS=(PROTOCOL=TCP)(HOST=mildba09.kenan.com)(PORT=1521))(CONNECT_DATA=(SID=CQPRDCBS)(SERVER=DEDICATED)(CID=(PROGRAM=sqlplus)(HOST=fr-par-fantasio.comverse.com)(USER=nsuser))))

  VERSION INFORMATION:
	TNS for Linux: Version 10.2.0.3.0 - Production
	TCP/IP NT Protocol Adapter for Linux: Version 10.2.0.3.0 - Production
  Time: 04-JUN-2009 10:30:02
  Tracing not turned on.
  Tns error struct:
    ns main err code: 12541
    TNS-12541: TNS:no listener
    ns secondary err code: 12560
    nt main err code: 511
    TNS-00511: No listener
    nt secondary err code: 111
    nt OS err code: 0


***********************************************************************
Fatal NI connect error 12541, connecting to:
 (DESCRIPTION=(ADDRESS=(PROTOCOL=TCP)(HOST=mildba09.kenan.com)(PORT=1521))(CONNECT_DATA=(SID=CQPRDCBS)(SERVER=DEDICATED)(CID=(PROGRAM=sqlplus)(HOST=fr-par-fantasio.comverse.com)(USER=nsuser))))

  VERSION INFORMATION:
	TNS for Linux: Version 10.2.0.3.0 - Production
	TCP/IP NT Protocol Adapter for Linux: Version 10.2.0.3.0 - Production
  Time: 04-JUN-2009 10:40:01
  Tracing not turned on.
  Tns error struct:
    ns main err code: 12541
    TNS-12541: TNS:no listener
    ns secondary err code: 12560
    nt main err code: 511
    TNS-00511: No listener
    nt secondary err code: 111
    nt OS err code: 0


***********************************************************************
Fatal NI connect error 12541, connecting to:
 (DESCRIPTION=(ADDRESS=(PROTOCOL=TCP)(HOST=mildba09.kenan.com)(PORT=1521))(CONNECT_DATA=(SID=CQPRDCBS)(SERVER=DEDICATED)(CID=(PROGRAM=sqlplus)(HOST=fr-par-fantasio.comverse.com)(USER=nsuser))))

  VERSION INFORMATION:
	TNS for Linux: Version 10.2.0.3.0 - Production
	TCP/IP NT Protocol Adapter for Linux: Version 10.2.0.3.0 - Production
  Time: 04-JUN-2009 10:50:01
  Tracing not turned on.
  Tns error struct:
    ns main err code: 12541
    TNS-12541: TNS:no listener
    ns secondary err code: 12560
    nt main err code: 511
    TNS-00511: No listener
    nt secondary err code: 111
    nt OS err code: 0


***********************************************************************
Fatal NI connect error 12541, connecting to:
 (DESCRIPTION=(ADDRESS=(PROTOCOL=TCP)(HOST=mildba09.kenan.com)(PORT=1521))(CONNECT_DATA=(SID=CQPRDCBS)(SERVER=DEDICATED)(CID=(PROGRAM=sqlplus)(HOST=fr-par-fantasio.comverse.com)(USER=nsuser))))

  VERSION INFORMATION:
	TNS for Linux: Version 10.2.0.3.0 - Production
	TCP/IP NT Protocol Adapter for Linux: Version 10.2.0.3.0 - Production
  Time: 04-JUN-2009 11:00:01
  Tracing not turned on.
  Tns error struct:
    ns main err code: 12541
    TNS-12541: TNS:no listener
    ns secondary err code: 12560
    nt main err code: 511
    TNS-00511: No listener
    nt secondary err code: 111
    nt OS err code: 0


***********************************************************************
Fatal NI connect error 12541, connecting to:
 (DESCRIPTION=(ADDRESS=(PROTOCOL=TCP)(HOST=mildba09.kenan.com)(PORT=1521))(CONNECT_DATA=(SID=CQPRDCBS)(SERVER=DEDICATED)(CID=(PROGRAM=sqlplus)(HOST=fr-par-fantasio.comverse.com)(USER=nsuser))))

  VERSION INFORMATION:
	TNS for Linux: Version 10.2.0.3.0 - Production
	TCP/IP NT Protocol Adapter for Linux: Version 10.2.0.3.0 - Production
  Time: 04-JUN-2009 11:10:08
  Tracing not turned on.
  Tns error struct:
    ns main err code: 12541
    TNS-12541: TNS:no listener
    ns secondary err code: 12560
    nt main err code: 511
    TNS-00511: No listener
    nt secondary err code: 111
    nt OS err code: 0


***********************************************************************
Fatal NI connect error 12541, connecting to:
 (DESCRIPTION=(ADDRESS=(PROTOCOL=TCP)(HOST=mildba09.kenan.com)(PORT=1521))(CONNECT_DATA=(SID=CQPRDCBS)(SERVER=DEDICATED)(CID=(PROGRAM=sqlplus)(HOST=fr-par-fantasio.comverse.com)(USER=nsuser))))

  VERSION INFORMATION:
	TNS for Linux: Version 10.2.0.3.0 - Production
	TCP/IP NT Protocol Adapter for Linux: Version 10.2.0.3.0 - Production
  Time: 04-JUN-2009 11:20:04
  Tracing not turned on.
  Tns error struct:
    ns main err code: 12541
    TNS-12541: TNS:no listener
    ns secondary err code: 12560
    nt main err code: 511
    TNS-00511: No listener
    nt secondary err code: 111
    nt OS err code: 0


***********************************************************************
Fatal NI connect error 12541, connecting to:
 (DESCRIPTION=(ADDRESS=(PROTOCOL=TCP)(HOST=mildba09.kenan.com)(PORT=1521))(CONNECT_DATA=(SID=CQPRDCBS)(SERVER=DEDICATED)(CID=(PROGRAM=sqlplus)(HOST=fr-par-fantasio.comverse.com)(USER=nsuser))))

  VERSION INFORMATION:
	TNS for Linux: Version 10.2.0.3.0 - Production
	TCP/IP NT Protocol Adapter for Linux: Version 10.2.0.3.0 - Production
  Time: 04-JUN-2009 11:30:01
  Tracing not turned on.
  Tns error struct:
    ns main err code: 12541
    TNS-12541: TNS:no listener
    ns secondary err code: 12560
    nt main err code: 511
    TNS-00511: No listener
    nt secondary err code: 111
    nt OS err code: 0


***********************************************************************
Fatal NI connect error 12541, connecting to:
 (DESCRIPTION=(ADDRESS=(PROTOCOL=TCP)(HOST=mildba09.kenan.com)(PORT=1521))(CONNECT_DATA=(SID=CQPRDCBS)(SERVER=DEDICATED)(CID=(PROGRAM=sqlplus)(HOST=fr-par-fantasio.comverse.com)(USER=nsuser))))

  VERSION INFORMATION:
	TNS for Linux: Version 10.2.0.3.0 - Production
	TCP/IP NT Protocol Adapter for Linux: Version 10.2.0.3.0 - Production
  Time: 04-JUN-2009 11:40:01
  Tracing not turned on.
  Tns error struct:
    ns main err code: 12541
    TNS-12541: TNS:no listener
    ns secondary err code: 12560
    nt main err code: 511
    TNS-00511: No listener
    nt secondary err code: 111
    nt OS err code: 0


***********************************************************************
Fatal NI connect error 12541, connecting to:
 (DESCRIPTION=(ADDRESS=(PROTOCOL=TCP)(HOST=mildba09.kenan.com)(PORT=1521))(CONNECT_DATA=(SID=CQPRDCBS)(SERVER=DEDICATED)(CID=(PROGRAM=sqlplus)(HOST=fr-par-fantasio.comverse.com)(USER=nsuser))))

  VERSION INFORMATION:
	TNS for Linux: Version 10.2.0.3.0 - Production
	TCP/IP NT Protocol Adapter for Linux: Version 10.2.0.3.0 - Production
  Time: 04-JUN-2009 11:50:02
  Tracing not turned on.
  Tns error struct:
    ns main err code: 12541
    TNS-12541: TNS:no listener
    ns secondary err code: 12560
    nt main err code: 511
    TNS-00511: No listener
    nt secondary err code: 111
    nt OS err code: 0


***********************************************************************
Fatal NI connect error 12541, connecting to:
 (DESCRIPTION=(ADDRESS=(PROTOCOL=TCP)(HOST=mildba09.kenan.com)(PORT=1521))(CONNECT_DATA=(SID=CQPRDCBS)(SERVER=DEDICATED)(CID=(PROGRAM=sqlplus)(HOST=fr-par-fantasio.comverse.com)(USER=nsuser))))

  VERSION INFORMATION:
	TNS for Linux: Version 10.2.0.3.0 - Production
	TCP/IP NT Protocol Adapter for Linux: Version 10.2.0.3.0 - Production
  Time: 04-JUN-2009 12:00:01
  Tracing not turned on.
  Tns error struct:
    ns main err code: 12541
    TNS-12541: TNS:no listener
    ns secondary err code: 12560
    nt main err code: 511
    TNS-00511: No listener
    nt secondary err code: 111
    nt OS err code: 0


***********************************************************************
Fatal NI connect error 12541, connecting to:
 (DESCRIPTION=(ADDRESS=(PROTOCOL=TCP)(HOST=mildba09.kenan.com)(PORT=1521))(CONNECT_DATA=(SID=CQPRDCBS)(SERVER=DEDICATED)(CID=(PROGRAM=sqlplus)(HOST=fr-par-fantasio.comverse.com)(USER=nsuser))))

  VERSION INFORMATION:
	TNS for Linux: Version 10.2.0.3.0 - Production
	TCP/IP NT Protocol Adapter for Linux: Version 10.2.0.3.0 - Production
  Time: 04-JUN-2009 12:10:02
  Tracing not turned on.
  Tns error struct:
    ns main err code: 12541
    TNS-12541: TNS:no listener
    ns secondary err code: 12560
    nt main err code: 511
    TNS-00511: No listener
    nt secondary err code: 111
    nt OS err code: 0


***********************************************************************
Fatal NI connect error 12541, connecting to:
 (DESCRIPTION=(ADDRESS=(PROTOCOL=TCP)(HOST=mildba09.kenan.com)(PORT=1521))(CONNECT_DATA=(SID=CQPRDCBS)(SERVER=DEDICATED)(CID=(PROGRAM=sqlplus)(HOST=fr-par-fantasio.comverse.com)(USER=nsuser))))

  VERSION INFORMATION:
	TNS for Linux: Version 10.2.0.3.0 - Production
	TCP/IP NT Protocol Adapter for Linux: Version 10.2.0.3.0 - Production
  Time: 04-JUN-2009 12:20:01
  Tracing not turned on.
  Tns error struct:
    ns main err code: 12541
    TNS-12541: TNS:no listener
    ns secondary err code: 12560
    nt main err code: 511
    TNS-00511: No listener
    nt secondary err code: 111
    nt OS err code: 0


***********************************************************************
Fatal NI connect error 12537, connecting to:
 (DESCRIPTION=(ADDRESS=(PROTOCOL=TCP)(HOST=mildba09.kenan.com)(PORT=1521))(CONNECT_DATA=(SID=CQPRDCBS)(SERVER=DEDICATED)(CID=(PROGRAM=sqlplus)(HOST=fr-par-fantasio.comverse.com)(USER=nsuser))))

  VERSION INFORMATION:
	TNS for Linux: Version 10.2.0.3.0 - Production
	TCP/IP NT Protocol Adapter for Linux: Version 10.2.0.3.0 - Production
  Time: 04-JUN-2009 12:40:02
  Tracing not turned on.
  Tns error struct:
    ns main err code: 12537
    TNS-12537: TNS:connection closed
    ns secondary err code: 12560
    nt main err code: 507
    TNS-00507: Connection closed
    nt secondary err code: 0
    nt OS err code: 0


***********************************************************************
Fatal NI connect error 12537, connecting to:
 (DESCRIPTION=(ADDRESS=(PROTOCOL=TCP)(HOST=mildba09.kenan.com)(PORT=1521))(CONNECT_DATA=(SID=CQPRDCBS)(SERVER=DEDICATED)(CID=(PROGRAM=sqlplus)(HOST=fr-par-fantasio.comverse.com)(USER=nsuser))))

  VERSION INFORMATION:
	TNS for Linux: Version 10.2.0.3.0 - Production
	TCP/IP NT Protocol Adapter for Linux: Version 10.2.0.3.0 - Production
  Time: 06-JUN-2009 09:03:27
  Tracing not turned on.
  Tns error struct:
    ns main err code: 12537
    TNS-12537: TNS:connection closed
    ns secondary err code: 12560
    nt main err code: 507
    TNS-00507: Connection closed
    nt secondary err code: 0
    nt OS err code: 0


***********************************************************************
Fatal NI connect error 12537, connecting to:
 (DESCRIPTION=(ADDRESS=(PROTOCOL=TCP)(HOST=mildba09.kenan.com)(PORT=1521))(CONNECT_DATA=(SID=CQPRDCBS)(SERVER=DEDICATED)(CID=(PROGRAM=sqlplus)(HOST=fr-par-fantasio.comverse.com)(USER=nsuser))))

  VERSION INFORMATION:
	TNS for Linux: Version 10.2.0.3.0 - Production
	TCP/IP NT Protocol Adapter for Linux: Version 10.2.0.3.0 - Production
  Time: 06-JUN-2009 09:13:27
  Tracing not turned on.
  Tns error struct:
    ns main err code: 12537
    TNS-12537: TNS:connection closed
    ns secondary err code: 12560
    nt main err code: 507
    TNS-00507: Connection closed
    nt secondary err code: 0
    nt OS err code: 0


***********************************************************************
Fatal NI connect error 12537, connecting to:
 (DESCRIPTION=(ADDRESS=(PROTOCOL=TCP)(HOST=mildba09.kenan.com)(PORT=1521))(CONNECT_DATA=(SID=CQPRDCBS)(SERVER=DEDICATED)(CID=(PROGRAM=sqlplus)(HOST=fr-par-fantasio.comverse.com)(USER=nsuser))))

  VERSION INFORMATION:
	TNS for Linux: Version 10.2.0.3.0 - Production
	TCP/IP NT Protocol Adapter for Linux: Version 10.2.0.3.0 - Production
  Time: 06-JUN-2009 09:23:27
  Tracing not turned on.
  Tns error struct:
    ns main err code: 12537
    TNS-12537: TNS:connection closed
    ns secondary err code: 12560
    nt main err code: 507
    TNS-00507: Connection closed
    nt secondary err code: 0
    nt OS err code: 0


***********************************************************************
Fatal NI connect error 12537, connecting to:
 (DESCRIPTION=(ADDRESS=(PROTOCOL=TCP)(HOST=mildba09.kenan.com)(PORT=1521))(CONNECT_DATA=(SID=CQPRDCBS)(SERVER=DEDICATED)(CID=(PROGRAM=sqlplus)(HOST=fr-par-fantasio.comverse.com)(USER=nsuser))))

  VERSION INFORMATION:
	TNS for Linux: Version 10.2.0.3.0 - Production
	TCP/IP NT Protocol Adapter for Linux: Version 10.2.0.3.0 - Production
  Time: 06-JUN-2009 09:33:27
  Tracing not turned on.
  Tns error struct:
    ns main err code: 12537
    TNS-12537: TNS:connection closed
    ns secondary err code: 12560
    nt main err code: 507
    TNS-00507: Connection closed
    nt secondary err code: 0
    nt OS err code: 0


***********************************************************************
Fatal NI connect error 12537, connecting to:
 (DESCRIPTION=(ADDRESS=(PROTOCOL=TCP)(HOST=mildba09.kenan.com)(PORT=1521))(CONNECT_DATA=(SID=CQPRDCBS)(SERVER=DEDICATED)(CID=(PROGRAM=sqlplus)(HOST=fr-par-fantasio.comverse.com)(USER=nsuser))))

  VERSION INFORMATION:
	TNS for Linux: Version 10.2.0.3.0 - Production
	TCP/IP NT Protocol Adapter for Linux: Version 10.2.0.3.0 - Production
  Time: 06-JUN-2009 09:43:27
  Tracing not turned on.
  Tns error struct:
    ns main err code: 12537
    TNS-12537: TNS:connection closed
    ns secondary err code: 12560
    nt main err code: 507
    TNS-00507: Connection closed
    nt secondary err code: 0
    nt OS err code: 0


***********************************************************************
Fatal NI connect error 12537, connecting to:
 (DESCRIPTION=(ADDRESS=(PROTOCOL=TCP)(HOST=mildba09.kenan.com)(PORT=1521))(CONNECT_DATA=(SID=CQPRDCBS)(SERVER=DEDICATED)(CID=(PROGRAM=sqlplus)(HOST=fr-par-fantasio.comverse.com)(USER=nsuser))))

  VERSION INFORMATION:
	TNS for Linux: Version 10.2.0.3.0 - Production
	TCP/IP NT Protocol Adapter for Linux: Version 10.2.0.3.0 - Production
  Time: 06-JUN-2009 09:53:27
  Tracing not turned on.
  Tns error struct:
    ns main err code: 12537
    TNS-12537: TNS:connection closed
    ns secondary err code: 12560
    nt main err code: 507
    TNS-00507: Connection closed
    nt secondary err code: 0
    nt OS err code: 0


***********************************************************************
Fatal NI connect error 12537, connecting to:
 (DESCRIPTION=(ADDRESS=(PROTOCOL=TCP)(HOST=mildba09.kenan.com)(PORT=1521))(CONNECT_DATA=(SID=CQPRDCBS)(SERVER=DEDICATED)(CID=(PROGRAM=sqlplus)(HOST=fr-par-fantasio.comverse.com)(USER=nsuser))))

  VERSION INFORMATION:
	TNS for Linux: Version 10.2.0.3.0 - Production
	TCP/IP NT Protocol Adapter for Linux: Version 10.2.0.3.0 - Production
  Time: 06-JUN-2009 10:03:27
  Tracing not turned on.
  Tns error struct:
    ns main err code: 12537
    TNS-12537: TNS:connection closed
    ns secondary err code: 12560
    nt main err code: 507
    TNS-00507: Connection closed
    nt secondary err code: 0
    nt OS err code: 0


***********************************************************************
Fatal NI connect error 12537, connecting to:
 (DESCRIPTION=(ADDRESS=(PROTOCOL=TCP)(HOST=mildba09.kenan.com)(PORT=1521))(CONNECT_DATA=(SID=CQPRDCBS)(SERVER=DEDICATED)(CID=(PROGRAM=sqlplus)(HOST=fr-par-fantasio.comverse.com)(USER=nsuser))))

  VERSION INFORMATION:
	TNS for Linux: Version 10.2.0.3.0 - Production
	TCP/IP NT Protocol Adapter for Linux: Version 10.2.0.3.0 - Production
  Time: 06-JUN-2009 10:13:27
  Tracing not turned on.
  Tns error struct:
    ns main err code: 12537
    TNS-12537: TNS:connection closed
    ns secondary err code: 12560
    nt main err code: 507
    TNS-00507: Connection closed
    nt secondary err code: 0
    nt OS err code: 0


***********************************************************************
Fatal NI connect error 12537, connecting to:
 (DESCRIPTION=(ADDRESS=(PROTOCOL=TCP)(HOST=mildba09.kenan.com)(PORT=1521))(CONNECT_DATA=(SID=CQPRDCBS)(SERVER=DEDICATED)(CID=(PROGRAM=sqlplus)(HOST=fr-par-fantasio.comverse.com)(USER=nsuser))))

  VERSION INFORMATION:
	TNS for Linux: Version 10.2.0.3.0 - Production
	TCP/IP NT Protocol Adapter for Linux: Version 10.2.0.3.0 - Production
  Time: 06-JUN-2009 10:23:27
  Tracing not turned on.
  Tns error struct:
    ns main err code: 12537
    TNS-12537: TNS:connection closed
    ns secondary err code: 12560
    nt main err code: 507
    TNS-00507: Connection closed
    nt secondary err code: 0
    nt OS err code: 0


***********************************************************************
Fatal NI connect error 12537, connecting to:
 (DESCRIPTION=(ADDRESS=(PROTOCOL=TCP)(HOST=mildba09.kenan.com)(PORT=1521))(CONNECT_DATA=(SID=CQPRDCBS)(SERVER=DEDICATED)(CID=(PROGRAM=sqlplus)(HOST=fr-par-fantasio.comverse.com)(USER=nsuser))))

  VERSION INFORMATION:
	TNS for Linux: Version 10.2.0.3.0 - Production
	TCP/IP NT Protocol Adapter for Linux: Version 10.2.0.3.0 - Production
  Time: 06-JUN-2009 10:33:27
  Tracing not turned on.
  Tns error struct:
    ns main err code: 12537
    TNS-12537: TNS:connection closed
    ns secondary err code: 12560
    nt main err code: 507
    TNS-00507: Connection closed
    nt secondary err code: 0
    nt OS err code: 0


***********************************************************************
Fatal NI connect error 12537, connecting to:
 (DESCRIPTION=(ADDRESS=(PROTOCOL=TCP)(HOST=mildba09.kenan.com)(PORT=1521))(CONNECT_DATA=(SID=CQPRDCBS)(SERVER=DEDICATED)(CID=(PROGRAM=sqlplus)(HOST=fr-par-fantasio.comverse.com)(USER=nsuser))))

  VERSION INFORMATION:
	TNS for Linux: Version 10.2.0.3.0 - Production
	TCP/IP NT Protocol Adapter for Linux: Version 10.2.0.3.0 - Production
  Time: 06-JUN-2009 10:43:27
  Tracing not turned on.
  Tns error struct:
    ns main err code: 12537
    TNS-12537: TNS:connection closed
    ns secondary err code: 12560
    nt main err code: 507
    TNS-00507: Connection closed
    nt secondary err code: 0
    nt OS err code: 0


***********************************************************************
Fatal NI connect error 12537, connecting to:
 (DESCRIPTION=(ADDRESS=(PROTOCOL=TCP)(HOST=mildba09.kenan.com)(PORT=1521))(CONNECT_DATA=(SID=CQPRDCBS)(SERVER=DEDICATED)(CID=(PROGRAM=sqlplus)(HOST=fr-par-fantasio.comverse.com)(USER=nsuser))))

  VERSION INFORMATION:
	TNS for Linux: Version 10.2.0.3.0 - Production
	TCP/IP NT Protocol Adapter for Linux: Version 10.2.0.3.0 - Production
  Time: 06-JUN-2009 10:53:27
  Tracing not turned on.
  Tns error struct:
    ns main err code: 12537
    TNS-12537: TNS:connection closed
    ns secondary err code: 12560
    nt main err code: 507
    TNS-00507: Connection closed
    nt secondary err code: 0
    nt OS err code: 0


***********************************************************************
Fatal NI connect error 12537, connecting to:
 (DESCRIPTION=(ADDRESS=(PROTOCOL=TCP)(HOST=mildba09.kenan.com)(PORT=1521))(CONNECT_DATA=(SID=CQPRDCBS)(SERVER=DEDICATED)(CID=(PROGRAM=sqlplus)(HOST=fr-par-fantasio.comverse.com)(USER=nsuser))))

  VERSION INFORMATION:
	TNS for Linux: Version 10.2.0.3.0 - Production
	TCP/IP NT Protocol Adapter for Linux: Version 10.2.0.3.0 - Production
  Time: 06-JUN-2009 11:03:27
  Tracing not turned on.
  Tns error struct:
    ns main err code: 12537
    TNS-12537: TNS:connection closed
    ns secondary err code: 12560
    nt main err code: 507
    TNS-00507: Connection closed
    nt secondary err code: 0
    nt OS err code: 0


***********************************************************************
Fatal NI connect error 12537, connecting to:
 (DESCRIPTION=(ADDRESS=(PROTOCOL=TCP)(HOST=mildba09.kenan.com)(PORT=1521))(CONNECT_DATA=(SID=CQPRDCBS)(SERVER=DEDICATED)(CID=(PROGRAM=sqlplus)(HOST=fr-par-fantasio.comverse.com)(USER=nsuser))))

  VERSION INFORMATION:
	TNS for Linux: Version 10.2.0.3.0 - Production
	TCP/IP NT Protocol Adapter for Linux: Version 10.2.0.3.0 - Production
  Time: 06-JUN-2009 11:13:27
  Tracing not turned on.
  Tns error struct:
    ns main err code: 12537
    TNS-12537: TNS:connection closed
    ns secondary err code: 12560
    nt main err code: 507
    TNS-00507: Connection closed
    nt secondary err code: 0
    nt OS err code: 0


***********************************************************************
Fatal NI connect error 12537, connecting to:
 (DESCRIPTION=(ADDRESS=(PROTOCOL=TCP)(HOST=mildba09.kenan.com)(PORT=1521))(CONNECT_DATA=(SID=CQPRDCBS)(SERVER=DEDICATED)(CID=(PROGRAM=sqlplus)(HOST=fr-par-fantasio.comverse.com)(USER=nsuser))))

  VERSION INFORMATION:
	TNS for Linux: Version 10.2.0.3.0 - Production
	TCP/IP NT Protocol Adapter for Linux: Version 10.2.0.3.0 - Production
  Time: 06-JUN-2009 11:23:27
  Tracing not turned on.
  Tns error struct:
    ns main err code: 12537
    TNS-12537: TNS:connection closed
    ns secondary err code: 12560
    nt main err code: 507
    TNS-00507: Connection closed
    nt secondary err code: 0
    nt OS err code: 0


***********************************************************************
Fatal NI connect error 12537, connecting to:
 (DESCRIPTION=(ADDRESS=(PROTOCOL=TCP)(HOST=mildba09.kenan.com)(PORT=1521))(CONNECT_DATA=(SID=CQPRDCBS)(SERVER=DEDICATED)(CID=(PROGRAM=sqlplus)(HOST=fr-par-fantasio.comverse.com)(USER=nsuser))))

  VERSION INFORMATION:
	TNS for Linux: Version 10.2.0.3.0 - Production
	TCP/IP NT Protocol Adapter for Linux: Version 10.2.0.3.0 - Production
  Time: 06-JUN-2009 11:33:27
  Tracing not turned on.
  Tns error struct:
    ns main err code: 12537
    TNS-12537: TNS:connection closed
    ns secondary err code: 12560
    nt main err code: 507
    TNS-00507: Connection closed
    nt secondary err code: 0
    nt OS err code: 0


***********************************************************************
Fatal NI connect error 12537, connecting to:
 (DESCRIPTION=(ADDRESS=(PROTOCOL=TCP)(HOST=mildba09.kenan.com)(PORT=1521))(CONNECT_DATA=(SID=CQPRDCBS)(SERVER=DEDICATED)(CID=(PROGRAM=sqlplus)(HOST=fr-par-fantasio.comverse.com)(USER=nsuser))))

  VERSION INFORMATION:
	TNS for Linux: Version 10.2.0.3.0 - Production
	TCP/IP NT Protocol Adapter for Linux: Version 10.2.0.3.0 - Production
  Time: 06-JUN-2009 11:43:27
  Tracing not turned on.
  Tns error struct:
    ns main err code: 12537
    TNS-12537: TNS:connection closed
    ns secondary err code: 12560
    nt main err code: 507
    TNS-00507: Connection closed
    nt secondary err code: 0
    nt OS err code: 0


***********************************************************************
Fatal NI connect error 12537, connecting to:
 (DESCRIPTION=(ADDRESS=(PROTOCOL=TCP)(HOST=mildba09.kenan.com)(PORT=1521))(CONNECT_DATA=(SID=CQPRDCBS)(SERVER=DEDICATED)(CID=(PROGRAM=sqlplus)(HOST=fr-par-fantasio.comverse.com)(USER=nsuser))))

  VERSION INFORMATION:
	TNS for Linux: Version 10.2.0.3.0 - Production
	TCP/IP NT Protocol Adapter for Linux: Version 10.2.0.3.0 - Production
  Time: 06-JUN-2009 11:53:27
  Tracing not turned on.
  Tns error struct:
    ns main err code: 12537
    TNS-12537: TNS:connection closed
    ns secondary err code: 12560
    nt main err code: 507
    TNS-00507: Connection closed
    nt secondary err code: 0
    nt OS err code: 0


***********************************************************************
Fatal NI connect error 12537, connecting to:
 (DESCRIPTION=(ADDRESS=(PROTOCOL=TCP)(HOST=mildba09.kenan.com)(PORT=1521))(CONNECT_DATA=(SID=CQPRDCBS)(SERVER=DEDICATED)(CID=(PROGRAM=sqlplus)(HOST=fr-par-fantasio.comverse.com)(USER=nsuser))))

  VERSION INFORMATION:
	TNS for Linux: Version 10.2.0.3.0 - Production
	TCP/IP NT Protocol Adapter for Linux: Version 10.2.0.3.0 - Production
  Time: 06-JUN-2009 12:03:27
  Tracing not turned on.
  Tns error struct:
    ns main err code: 12537
    TNS-12537: TNS:connection closed
    ns secondary err code: 12560
    nt main err code: 507
    TNS-00507: Connection closed
    nt secondary err code: 0
    nt OS err code: 0


***********************************************************************
Fatal NI connect error 12537, connecting to:
 (DESCRIPTION=(ADDRESS=(PROTOCOL=TCP)(HOST=mildba09.kenan.com)(PORT=1521))(CONNECT_DATA=(SID=CQPRDCBS)(SERVER=DEDICATED)(CID=(PROGRAM=sqlplus)(HOST=fr-par-fantasio.comverse.com)(USER=nsuser))))

  VERSION INFORMATION:
	TNS for Linux: Version 10.2.0.3.0 - Production
	TCP/IP NT Protocol Adapter for Linux: Version 10.2.0.3.0 - Production
  Time: 06-JUN-2009 12:13:27
  Tracing not turned on.
  Tns error struct:
    ns main err code: 12537
    TNS-12537: TNS:connection closed
    ns secondary err code: 12560
    nt main err code: 507
    TNS-00507: Connection closed
    nt secondary err code: 0
    nt OS err code: 0


***********************************************************************
Fatal NI connect error 12537, connecting to:
 (DESCRIPTION=(ADDRESS=(PROTOCOL=TCP)(HOST=mildba09.kenan.com)(PORT=1521))(CONNECT_DATA=(SID=CQPRDCBS)(SERVER=DEDICATED)(CID=(PROGRAM=sqlplus)(HOST=fr-par-fantasio.comverse.com)(USER=nsuser))))

  VERSION INFORMATION:
	TNS for Linux: Version 10.2.0.3.0 - Production
	TCP/IP NT Protocol Adapter for Linux: Version 10.2.0.3.0 - Production
  Time: 06-JUN-2009 12:23:27
  Tracing not turned on.
  Tns error struct:
    ns main err code: 12537
    TNS-12537: TNS:connection closed
    ns secondary err code: 12560
    nt main err code: 507
    TNS-00507: Connection closed
    nt secondary err code: 0
    nt OS err code: 0


***********************************************************************
Fatal NI connect error 12537, connecting to:
 (DESCRIPTION=(ADDRESS=(PROTOCOL=TCP)(HOST=mildba09.kenan.com)(PORT=1521))(CONNECT_DATA=(SID=CQPRDCBS)(SERVER=DEDICATED)(CID=(PROGRAM=sqlplus)(HOST=fr-par-fantasio.comverse.com)(USER=nsuser))))

  VERSION INFORMATION:
	TNS for Linux: Version 10.2.0.3.0 - Production
	TCP/IP NT Protocol Adapter for Linux: Version 10.2.0.3.0 - Production
  Time: 06-JUN-2009 12:33:27
  Tracing not turned on.
  Tns error struct:
    ns main err code: 12537
    TNS-12537: TNS:connection closed
    ns secondary err code: 12560
    nt main err code: 507
    TNS-00507: Connection closed
    nt secondary err code: 0
    nt OS err code: 0


***********************************************************************
Fatal NI connect error 12537, connecting to:
 (DESCRIPTION=(ADDRESS=(PROTOCOL=TCP)(HOST=mildba09.kenan.com)(PORT=1521))(CONNECT_DATA=(SID=CQPRDCBS)(SERVER=DEDICATED)(CID=(PROGRAM=sqlplus)(HOST=fr-par-fantasio.comverse.com)(USER=nsuser))))

  VERSION INFORMATION:
	TNS for Linux: Version 10.2.0.3.0 - Production
	TCP/IP NT Protocol Adapter for Linux: Version 10.2.0.3.0 - Production
  Time: 06-JUN-2009 12:43:27
  Tracing not turned on.
  Tns error struct:
    ns main err code: 12537
    TNS-12537: TNS:connection closed
    ns secondary err code: 12560
    nt main err code: 507
    TNS-00507: Connection closed
    nt secondary err code: 0
    nt OS err code: 0


***********************************************************************
Fatal NI connect error 12537, connecting to:
 (DESCRIPTION=(ADDRESS=(PROTOCOL=TCP)(HOST=mildba09.kenan.com)(PORT=1521))(CONNECT_DATA=(SID=CQPRDCBS)(SERVER=DEDICATED)(CID=(PROGRAM=sqlplus)(HOST=fr-par-fantasio.comverse.com)(USER=nsuser))))

  VERSION INFORMATION:
	TNS for Linux: Version 10.2.0.3.0 - Production
	TCP/IP NT Protocol Adapter for Linux: Version 10.2.0.3.0 - Production
  Time: 06-JUN-2009 12:53:27
  Tracing not turned on.
  Tns error struct:
    ns main err code: 12537
    TNS-12537: TNS:connection closed
    ns secondary err code: 12560
    nt main err code: 507
    TNS-00507: Connection closed
    nt secondary err code: 0
    nt OS err code: 0


***********************************************************************
Fatal NI connect error 12537, connecting to:
 (DESCRIPTION=(ADDRESS=(PROTOCOL=TCP)(HOST=mildba09.kenan.com)(PORT=1521))(CONNECT_DATA=(SID=CQPRDCBS)(SERVER=DEDICATED)(CID=(PROGRAM=sqlplus)(HOST=fr-par-fantasio.comverse.com)(USER=nsuser))))

  VERSION INFORMATION:
	TNS for Linux: Version 10.2.0.3.0 - Production
	TCP/IP NT Protocol Adapter for Linux: Version 10.2.0.3.0 - Production
  Time: 06-JUN-2009 13:03:27
  Tracing not turned on.
  Tns error struct:
    ns main err code: 12537
    TNS-12537: TNS:connection closed
    ns secondary err code: 12560
    nt main err code: 507
    TNS-00507: Connection closed
    nt secondary err code: 0
    nt OS err code: 0


***********************************************************************
Fatal NI connect error 12537, connecting to:
 (DESCRIPTION=(ADDRESS=(PROTOCOL=TCP)(HOST=mildba09.kenan.com)(PORT=1521))(CONNECT_DATA=(SID=CQPRDCBS)(SERVER=DEDICATED)(CID=(PROGRAM=sqlplus)(HOST=fr-par-fantasio.comverse.com)(USER=nsuser))))

  VERSION INFORMATION:
	TNS for Linux: Version 10.2.0.3.0 - Production
	TCP/IP NT Protocol Adapter for Linux: Version 10.2.0.3.0 - Production
  Time: 06-JUN-2009 13:13:27
  Tracing not turned on.
  Tns error struct:
    ns main err code: 12537
    TNS-12537: TNS:connection closed
    ns secondary err code: 12560
    nt main err code: 507
    TNS-00507: Connection closed
    nt secondary err code: 0
    nt OS err code: 0


***********************************************************************
Fatal NI connect error 12537, connecting to:
 (DESCRIPTION=(ADDRESS=(PROTOCOL=TCP)(HOST=mildba09.kenan.com)(PORT=1521))(CONNECT_DATA=(SID=CQPRDCBS)(SERVER=DEDICATED)(CID=(PROGRAM=sqlplus)(HOST=fr-par-fantasio.comverse.com)(USER=nsuser))))

  VERSION INFORMATION:
	TNS for Linux: Version 10.2.0.3.0 - Production
	TCP/IP NT Protocol Adapter for Linux: Version 10.2.0.3.0 - Production
  Time: 06-JUN-2009 13:23:27
  Tracing not turned on.
  Tns error struct:
    ns main err code: 12537
    TNS-12537: TNS:connection closed
    ns secondary err code: 12560
    nt main err code: 507
    TNS-00507: Connection closed
    nt secondary err code: 0
    nt OS err code: 0


***********************************************************************
Fatal NI connect error 12537, connecting to:
 (DESCRIPTION=(ADDRESS=(PROTOCOL=TCP)(HOST=mildba09.kenan.com)(PORT=1521))(CONNECT_DATA=(SID=CQPRDCBS)(SERVER=DEDICATED)(CID=(PROGRAM=sqlplus)(HOST=fr-par-fantasio.comverse.com)(USER=nsuser))))

  VERSION INFORMATION:
	TNS for Linux: Version 10.2.0.3.0 - Production
	TCP/IP NT Protocol Adapter for Linux: Version 10.2.0.3.0 - Production
  Time: 06-JUN-2009 13:33:26
  Tracing not turned on.
  Tns error struct:
    ns main err code: 12537
    TNS-12537: TNS:connection closed
    ns secondary err code: 12560
    nt main err code: 507
    TNS-00507: Connection closed
    nt secondary err code: 0
    nt OS err code: 0


***********************************************************************
Fatal NI connect error 12537, connecting to:
 (DESCRIPTION=(ADDRESS=(PROTOCOL=TCP)(HOST=mildba09.kenan.com)(PORT=1521))(CONNECT_DATA=(SID=CQPRDCBS)(SERVER=DEDICATED)(CID=(PROGRAM=sqlplus)(HOST=fr-par-fantasio.comverse.com)(USER=nsuser))))

  VERSION INFORMATION:
	TNS for Linux: Version 10.2.0.3.0 - Production
	TCP/IP NT Protocol Adapter for Linux: Version 10.2.0.3.0 - Production
  Time: 06-JUN-2009 13:43:26
  Tracing not turned on.
  Tns error struct:
    ns main err code: 12537
    TNS-12537: TNS:connection closed
    ns secondary err code: 12560
    nt main err code: 507
    TNS-00507: Connection closed
    nt secondary err code: 0
    nt OS err code: 0


***********************************************************************
Fatal NI connect error 12537, connecting to:
 (DESCRIPTION=(ADDRESS=(PROTOCOL=TCP)(HOST=mildba09.kenan.com)(PORT=1521))(CONNECT_DATA=(SID=CQPRDCBS)(SERVER=DEDICATED)(CID=(PROGRAM=sqlplus)(HOST=fr-par-fantasio.comverse.com)(USER=nsuser))))

  VERSION INFORMATION:
	TNS for Linux: Version 10.2.0.3.0 - Production
	TCP/IP NT Protocol Adapter for Linux: Version 10.2.0.3.0 - Production
  Time: 06-JUN-2009 13:53:27
  Tracing not turned on.
  Tns error struct:
    ns main err code: 12537
    TNS-12537: TNS:connection closed
    ns secondary err code: 12560
    nt main err code: 507
    TNS-00507: Connection closed
    nt secondary err code: 0
    nt OS err code: 0


***********************************************************************
Fatal NI connect error 12537, connecting to:
 (DESCRIPTION=(ADDRESS=(PROTOCOL=TCP)(HOST=mildba09.kenan.com)(PORT=1521))(CONNECT_DATA=(SID=CQPRDCBS)(SERVER=DEDICATED)(CID=(PROGRAM=sqlplus)(HOST=fr-par-fantasio.comverse.com)(USER=nsuser))))

  VERSION INFORMATION:
	TNS for Linux: Version 10.2.0.3.0 - Production
	TCP/IP NT Protocol Adapter for Linux: Version 10.2.0.3.0 - Production
  Time: 06-JUN-2009 14:03:27
  Tracing not turned on.
  Tns error struct:
    ns main err code: 12537
    TNS-12537: TNS:connection closed
    ns secondary err code: 12560
    nt main err code: 507
    TNS-00507: Connection closed
    nt secondary err code: 0
    nt OS err code: 0


***********************************************************************
Fatal NI connect error 12537, connecting to:
 (DESCRIPTION=(ADDRESS=(PROTOCOL=TCP)(HOST=mildba09.kenan.com)(PORT=1521))(CONNECT_DATA=(SID=CQPRDCBS)(SERVER=DEDICATED)(CID=(PROGRAM=sqlplus)(HOST=fr-par-fantasio.comverse.com)(USER=nsuser))))

  VERSION INFORMATION:
	TNS for Linux: Version 10.2.0.3.0 - Production
	TCP/IP NT Protocol Adapter for Linux: Version 10.2.0.3.0 - Production
  Time: 06-JUN-2009 14:13:27
  Tracing not turned on.
  Tns error struct:
    ns main err code: 12537
    TNS-12537: TNS:connection closed
    ns secondary err code: 12560
    nt main err code: 507
    TNS-00507: Connection closed
    nt secondary err code: 0
    nt OS err code: 0


***********************************************************************
Fatal NI connect error 12537, connecting to:
 (DESCRIPTION=(ADDRESS=(PROTOCOL=TCP)(HOST=mildba09.kenan.com)(PORT=1521))(CONNECT_DATA=(SID=CQPRDCBS)(SERVER=DEDICATED)(CID=(PROGRAM=sqlplus)(HOST=fr-par-fantasio.comverse.com)(USER=nsuser))))

  VERSION INFORMATION:
	TNS for Linux: Version 10.2.0.3.0 - Production
	TCP/IP NT Protocol Adapter for Linux: Version 10.2.0.3.0 - Production
  Time: 06-JUN-2009 14:23:27
  Tracing not turned on.
  Tns error struct:
    ns main err code: 12537
    TNS-12537: TNS:connection closed
    ns secondary err code: 12560
    nt main err code: 507
    TNS-00507: Connection closed
    nt secondary err code: 0
    nt OS err code: 0


***********************************************************************
Fatal NI connect error 12537, connecting to:
 (DESCRIPTION=(ADDRESS=(PROTOCOL=TCP)(HOST=mildba09.kenan.com)(PORT=1521))(CONNECT_DATA=(SID=CQPRDCBS)(SERVER=DEDICATED)(CID=(PROGRAM=sqlplus)(HOST=fr-par-fantasio.comverse.com)(USER=nsuser))))

  VERSION INFORMATION:
	TNS for Linux: Version 10.2.0.3.0 - Production
	TCP/IP NT Protocol Adapter for Linux: Version 10.2.0.3.0 - Production
  Time: 06-JUN-2009 14:33:27
  Tracing not turned on.
  Tns error struct:
    ns main err code: 12537
    TNS-12537: TNS:connection closed
    ns secondary err code: 12560
    nt main err code: 507
    TNS-00507: Connection closed
    nt secondary err code: 0
    nt OS err code: 0


***********************************************************************
Fatal NI connect error 12537, connecting to:
 (DESCRIPTION=(ADDRESS=(PROTOCOL=TCP)(HOST=mildba09.kenan.com)(PORT=1521))(CONNECT_DATA=(SID=CQPRDCBS)(SERVER=DEDICATED)(CID=(PROGRAM=sqlplus)(HOST=fr-par-fantasio.comverse.com)(USER=nsuser))))

  VERSION INFORMATION:
	TNS for Linux: Version 10.2.0.3.0 - Production
	TCP/IP NT Protocol Adapter for Linux: Version 10.2.0.3.0 - Production
  Time: 06-JUN-2009 14:43:27
  Tracing not turned on.
  Tns error struct:
    ns main err code: 12537
    TNS-12537: TNS:connection closed
    ns secondary err code: 12560
    nt main err code: 507
    TNS-00507: Connection closed
    nt secondary err code: 0
    nt OS err code: 0


***********************************************************************
Fatal NI connect error 12537, connecting to:
 (DESCRIPTION=(ADDRESS=(PROTOCOL=TCP)(HOST=mildba09.kenan.com)(PORT=1521))(CONNECT_DATA=(SID=CQPRDCBS)(SERVER=DEDICATED)(CID=(PROGRAM=sqlplus)(HOST=fr-par-fantasio.comverse.com)(USER=nsuser))))

  VERSION INFORMATION:
	TNS for Linux: Version 10.2.0.3.0 - Production
	TCP/IP NT Protocol Adapter for Linux: Version 10.2.0.3.0 - Production
  Time: 06-JUN-2009 14:53:27
  Tracing not turned on.
  Tns error struct:
    ns main err code: 12537
    TNS-12537: TNS:connection closed
    ns secondary err code: 12560
    nt main err code: 507
    TNS-00507: Connection closed
    nt secondary err code: 0
    nt OS err code: 0


***********************************************************************
Fatal NI connect error 12537, connecting to:
 (DESCRIPTION=(ADDRESS=(PROTOCOL=TCP)(HOST=mildba09.kenan.com)(PORT=1521))(CONNECT_DATA=(SID=CQPRDCBS)(SERVER=DEDICATED)(CID=(PROGRAM=sqlplus)(HOST=fr-par-fantasio.comverse.com)(USER=nsuser))))

  VERSION INFORMATION:
	TNS for Linux: Version 10.2.0.3.0 - Production
	TCP/IP NT Protocol Adapter for Linux: Version 10.2.0.3.0 - Production
  Time: 06-JUN-2009 15:03:27
  Tracing not turned on.
  Tns error struct:
    ns main err code: 12537
    TNS-12537: TNS:connection closed
    ns secondary err code: 12560
    nt main err code: 507
    TNS-00507: Connection closed
    nt secondary err code: 0
    nt OS err code: 0


***********************************************************************
Fatal NI connect error 12537, connecting to:
 (DESCRIPTION=(ADDRESS=(PROTOCOL=TCP)(HOST=mildba09.kenan.com)(PORT=1521))(CONNECT_DATA=(SID=CQPRDCBS)(SERVER=DEDICATED)(CID=(PROGRAM=sqlplus)(HOST=fr-par-fantasio.comverse.com)(USER=nsuser))))

  VERSION INFORMATION:
	TNS for Linux: Version 10.2.0.3.0 - Production
	TCP/IP NT Protocol Adapter for Linux: Version 10.2.0.3.0 - Production
  Time: 06-JUN-2009 15:13:27
  Tracing not turned on.
  Tns error struct:
    ns main err code: 12537
    TNS-12537: TNS:connection closed
    ns secondary err code: 12560
    nt main err code: 507
    TNS-00507: Connection closed
    nt secondary err code: 0
    nt OS err code: 0


***********************************************************************
Fatal NI connect error 12537, connecting to:
 (DESCRIPTION=(ADDRESS=(PROTOCOL=TCP)(HOST=mildba09.kenan.com)(PORT=1521))(CONNECT_DATA=(SID=CQPRDCBS)(SERVER=DEDICATED)(CID=(PROGRAM=sqlplus)(HOST=fr-par-fantasio.comverse.com)(USER=nsuser))))

  VERSION INFORMATION:
	TNS for Linux: Version 10.2.0.3.0 - Production
	TCP/IP NT Protocol Adapter for Linux: Version 10.2.0.3.0 - Production
  Time: 06-JUN-2009 15:23:27
  Tracing not turned on.
  Tns error struct:
    ns main err code: 12537
    TNS-12537: TNS:connection closed
    ns secondary err code: 12560
    nt main err code: 507
    TNS-00507: Connection closed
    nt secondary err code: 0
    nt OS err code: 0


***********************************************************************
Fatal NI connect error 12537, connecting to:
 (DESCRIPTION=(ADDRESS=(PROTOCOL=TCP)(HOST=mildba09.kenan.com)(PORT=1521))(CONNECT_DATA=(SID=CQPRDCBS)(SERVER=DEDICATED)(CID=(PROGRAM=sqlplus)(HOST=fr-par-fantasio.comverse.com)(USER=nsuser))))

  VERSION INFORMATION:
	TNS for Linux: Version 10.2.0.3.0 - Production
	TCP/IP NT Protocol Adapter for Linux: Version 10.2.0.3.0 - Production
  Time: 06-JUN-2009 15:33:27
  Tracing not turned on.
  Tns error struct:
    ns main err code: 12537
    TNS-12537: TNS:connection closed
    ns secondary err code: 12560
    nt main err code: 507
    TNS-00507: Connection closed
    nt secondary err code: 0
    nt OS err code: 0


***********************************************************************
Fatal NI connect error 12537, connecting to:
 (DESCRIPTION=(ADDRESS=(PROTOCOL=TCP)(HOST=mildba09.kenan.com)(PORT=1521))(CONNECT_DATA=(SID=CQPRDCBS)(SERVER=DEDICATED)(CID=(PROGRAM=sqlplus)(HOST=fr-par-fantasio.comverse.com)(USER=nsuser))))

  VERSION INFORMATION:
	TNS for Linux: Version 10.2.0.3.0 - Production
	TCP/IP NT Protocol Adapter for Linux: Version 10.2.0.3.0 - Production
  Time: 06-JUN-2009 15:43:27
  Tracing not turned on.
  Tns error struct:
    ns main err code: 12537
    TNS-12537: TNS:connection closed
    ns secondary err code: 12560
    nt main err code: 507
    TNS-00507: Connection closed
    nt secondary err code: 0
    nt OS err code: 0


***********************************************************************
Fatal NI connect error 12537, connecting to:
 (DESCRIPTION=(ADDRESS=(PROTOCOL=TCP)(HOST=mildba09.kenan.com)(PORT=1521))(CONNECT_DATA=(SID=CQPRDCBS)(SERVER=DEDICATED)(CID=(PROGRAM=sqlplus)(HOST=fr-par-fantasio.comverse.com)(USER=nsuser))))

  VERSION INFORMATION:
	TNS for Linux: Version 10.2.0.3.0 - Production
	TCP/IP NT Protocol Adapter for Linux: Version 10.2.0.3.0 - Production
  Time: 06-JUN-2009 15:53:27
  Tracing not turned on.
  Tns error struct:
    ns main err code: 12537
    TNS-12537: TNS:connection closed
    ns secondary err code: 12560
    nt main err code: 507
    TNS-00507: Connection closed
    nt secondary err code: 0
    nt OS err code: 0


***********************************************************************
Fatal NI connect error 12537, connecting to:
 (DESCRIPTION=(ADDRESS=(PROTOCOL=TCP)(HOST=mildba09.kenan.com)(PORT=1521))(CONNECT_DATA=(SID=CQPRDCBS)(SERVER=DEDICATED)(CID=(PROGRAM=sqlplus)(HOST=fr-par-fantasio.comverse.com)(USER=nsuser))))

  VERSION INFORMATION:
	TNS for Linux: Version 10.2.0.3.0 - Production
	TCP/IP NT Protocol Adapter for Linux: Version 10.2.0.3.0 - Production
  Time: 06-JUN-2009 16:03:27
  Tracing not turned on.
  Tns error struct:
    ns main err code: 12537
    TNS-12537: TNS:connection closed
    ns secondary err code: 12560
    nt main err code: 507
    TNS-00507: Connection closed
    nt secondary err code: 0
    nt OS err code: 0


***********************************************************************
Fatal NI connect error 12537, connecting to:
 (DESCRIPTION=(ADDRESS=(PROTOCOL=TCP)(HOST=mildba09.kenan.com)(PORT=1521))(CONNECT_DATA=(SID=CQPRDCBS)(SERVER=DEDICATED)(CID=(PROGRAM=sqlplus)(HOST=fr-par-fantasio.comverse.com)(USER=nsuser))))

  VERSION INFORMATION:
	TNS for Linux: Version 10.2.0.3.0 - Production
	TCP/IP NT Protocol Adapter for Linux: Version 10.2.0.3.0 - Production
  Time: 06-JUN-2009 16:13:26
  Tracing not turned on.
  Tns error struct:
    ns main err code: 12537
    TNS-12537: TNS:connection closed
    ns secondary err code: 12560
    nt main err code: 507
    TNS-00507: Connection closed
    nt secondary err code: 0
    nt OS err code: 0


***********************************************************************
Fatal NI connect error 12537, connecting to:
 (DESCRIPTION=(ADDRESS=(PROTOCOL=TCP)(HOST=mildba09.kenan.com)(PORT=1521))(CONNECT_DATA=(SID=CQPRDCBS)(SERVER=DEDICATED)(CID=(PROGRAM=sqlplus)(HOST=fr-par-fantasio.comverse.com)(USER=nsuser))))

  VERSION INFORMATION:
	TNS for Linux: Version 10.2.0.3.0 - Production
	TCP/IP NT Protocol Adapter for Linux: Version 10.2.0.3.0 - Production
  Time: 06-JUN-2009 16:23:26
  Tracing not turned on.
  Tns error struct:
    ns main err code: 12537
    TNS-12537: TNS:connection closed
    ns secondary err code: 12560
    nt main err code: 507
    TNS-00507: Connection closed
    nt secondary err code: 0
    nt OS err code: 0


***********************************************************************
Fatal NI connect error 12537, connecting to:
 (DESCRIPTION=(ADDRESS=(PROTOCOL=TCP)(HOST=mildba09.kenan.com)(PORT=1521))(CONNECT_DATA=(SID=CQPRDCBS)(SERVER=DEDICATED)(CID=(PROGRAM=sqlplus)(HOST=fr-par-fantasio.comverse.com)(USER=nsuser))))

  VERSION INFORMATION:
	TNS for Linux: Version 10.2.0.3.0 - Production
	TCP/IP NT Protocol Adapter for Linux: Version 10.2.0.3.0 - Production
  Time: 06-JUN-2009 16:33:27
  Tracing not turned on.
  Tns error struct:
    ns main err code: 12537
    TNS-12537: TNS:connection closed
    ns secondary err code: 12560
    nt main err code: 507
    TNS-00507: Connection closed
    nt secondary err code: 0
    nt OS err code: 0


***********************************************************************
Fatal NI connect error 12537, connecting to:
 (DESCRIPTION=(ADDRESS=(PROTOCOL=TCP)(HOST=mildba09.kenan.com)(PORT=1521))(CONNECT_DATA=(SID=CQPRDCBS)(SERVER=DEDICATED)(CID=(PROGRAM=sqlplus)(HOST=fr-par-fantasio.comverse.com)(USER=nsuser))))

  VERSION INFORMATION:
	TNS for Linux: Version 10.2.0.3.0 - Production
	TCP/IP NT Protocol Adapter for Linux: Version 10.2.0.3.0 - Production
  Time: 06-JUN-2009 16:43:27
  Tracing not turned on.
  Tns error struct:
    ns main err code: 12537
    TNS-12537: TNS:connection closed
    ns secondary err code: 12560
    nt main err code: 507
    TNS-00507: Connection closed
    nt secondary err code: 0
    nt OS err code: 0


***********************************************************************
Fatal NI connect error 12537, connecting to:
 (DESCRIPTION=(ADDRESS=(PROTOCOL=TCP)(HOST=mildba09.kenan.com)(PORT=1521))(CONNECT_DATA=(SID=CQPRDCBS)(SERVER=DEDICATED)(CID=(PROGRAM=sqlplus)(HOST=fr-par-fantasio.comverse.com)(USER=nsuser))))

  VERSION INFORMATION:
	TNS for Linux: Version 10.2.0.3.0 - Production
	TCP/IP NT Protocol Adapter for Linux: Version 10.2.0.3.0 - Production
  Time: 06-JUN-2009 16:53:27
  Tracing not turned on.
  Tns error struct:
    ns main err code: 12537
    TNS-12537: TNS:connection closed
    ns secondary err code: 12560
    nt main err code: 507
    TNS-00507: Connection closed
    nt secondary err code: 0
    nt OS err code: 0


***********************************************************************
Fatal NI connect error 12537, connecting to:
 (DESCRIPTION=(ADDRESS=(PROTOCOL=TCP)(HOST=mildba09.kenan.com)(PORT=1521))(CONNECT_DATA=(SID=CQPRDCBS)(SERVER=DEDICATED)(CID=(PROGRAM=sqlplus)(HOST=fr-par-fantasio.comverse.com)(USER=nsuser))))

  VERSION INFORMATION:
	TNS for Linux: Version 10.2.0.3.0 - Production
	TCP/IP NT Protocol Adapter for Linux: Version 10.2.0.3.0 - Production
  Time: 06-JUN-2009 17:03:27
  Tracing not turned on.
  Tns error struct:
    ns main err code: 12537
    TNS-12537: TNS:connection closed
    ns secondary err code: 12560
    nt main err code: 507
    TNS-00507: Connection closed
    nt secondary err code: 0
    nt OS err code: 0


***********************************************************************
Fatal NI connect error 12537, connecting to:
 (DESCRIPTION=(ADDRESS=(PROTOCOL=TCP)(HOST=mildba09.kenan.com)(PORT=1521))(CONNECT_DATA=(SID=CQPRDCBS)(SERVER=DEDICATED)(CID=(PROGRAM=sqlplus)(HOST=fr-par-fantasio.comverse.com)(USER=nsuser))))

  VERSION INFORMATION:
	TNS for Linux: Version 10.2.0.3.0 - Production
	TCP/IP NT Protocol Adapter for Linux: Version 10.2.0.3.0 - Production
  Time: 06-JUN-2009 17:13:27
  Tracing not turned on.
  Tns error struct:
    ns main err code: 12537
    TNS-12537: TNS:connection closed
    ns secondary err code: 12560
    nt main err code: 507
    TNS-00507: Connection closed
    nt secondary err code: 0
    nt OS err code: 0


***********************************************************************
Fatal NI connect error 12537, connecting to:
 (DESCRIPTION=(ADDRESS=(PROTOCOL=TCP)(HOST=mildba09.kenan.com)(PORT=1521))(CONNECT_DATA=(SID=CQPRDCBS)(SERVER=DEDICATED)(CID=(PROGRAM=sqlplus)(HOST=fr-par-fantasio.comverse.com)(USER=nsuser))))

  VERSION INFORMATION:
	TNS for Linux: Version 10.2.0.3.0 - Production
	TCP/IP NT Protocol Adapter for Linux: Version 10.2.0.3.0 - Production
  Time: 06-JUN-2009 17:23:27
  Tracing not turned on.
  Tns error struct:
    ns main err code: 12537
    TNS-12537: TNS:connection closed
    ns secondary err code: 12560
    nt main err code: 507
    TNS-00507: Connection closed
    nt secondary err code: 0
    nt OS err code: 0


***********************************************************************
Fatal NI connect error 12537, connecting to:
 (DESCRIPTION=(ADDRESS=(PROTOCOL=TCP)(HOST=mildba09.kenan.com)(PORT=1521))(CONNECT_DATA=(SID=CQPRDCBS)(SERVER=DEDICATED)(CID=(PROGRAM=sqlplus)(HOST=fr-par-fantasio.comverse.com)(USER=nsuser))))

  VERSION INFORMATION:
	TNS for Linux: Version 10.2.0.3.0 - Production
	TCP/IP NT Protocol Adapter for Linux: Version 10.2.0.3.0 - Production
  Time: 06-JUN-2009 17:33:27
  Tracing not turned on.
  Tns error struct:
    ns main err code: 12537
    TNS-12537: TNS:connection closed
    ns secondary err code: 12560
    nt main err code: 507
    TNS-00507: Connection closed
    nt secondary err code: 0
    nt OS err code: 0


***********************************************************************
Fatal NI connect error 12537, connecting to:
 (DESCRIPTION=(ADDRESS=(PROTOCOL=TCP)(HOST=mildba09.kenan.com)(PORT=1521))(CONNECT_DATA=(SID=CQPRDCBS)(SERVER=DEDICATED)(CID=(PROGRAM=sqlplus)(HOST=fr-par-fantasio.comverse.com)(USER=nsuser))))

  VERSION INFORMATION:
	TNS for Linux: Version 10.2.0.3.0 - Production
	TCP/IP NT Protocol Adapter for Linux: Version 10.2.0.3.0 - Production
  Time: 06-JUN-2009 17:36:18
  Tracing not turned on.
  Tns error struct:
    ns main err code: 12537
    TNS-12537: TNS:connection closed
    ns secondary err code: 12560
    nt main err code: 507
    TNS-00507: Connection closed
    nt secondary err code: 0
    nt OS err code: 0


***********************************************************************
Fatal NI connect error 12537, connecting to:
 (DESCRIPTION=(ADDRESS=(PROTOCOL=TCP)(HOST=mildba09.kenan.com)(PORT=1521))(CONNECT_DATA=(SID=CQPRDCBS)(SERVER=DEDICATED)(CID=(PROGRAM=sqlplus)(HOST=fr-par-fantasio.comverse.com)(USER=nsuser))))

  VERSION INFORMATION:
	TNS for Linux: Version 10.2.0.3.0 - Production
	TCP/IP NT Protocol Adapter for Linux: Version 10.2.0.3.0 - Production
  Time: 06-JUN-2009 17:36:18
  Tracing not turned on.
  Tns error struct:
    ns main err code: 12537
    TNS-12537: TNS:connection closed
    ns secondary err code: 12560
    nt main err code: 507
    TNS-00507: Connection closed
    nt secondary err code: 0


***********************************************************************
Fatal NI connect error 12537, connecting to:
 (DESCRIPTION=(ADDRESS=(PROTOCOL=TCP)(HOST=mildba09.kenan.com)(PORT=1521))(CONNECT_DATA=(SID=CQPRDCBS)(SERVER=DEDICATED)(CID=(PROGRAM=sqlplus)(HOST=fr-par-fantasio.comverse.com)(USER=nsuser))))

  VERSION INFORMATION:
	TNS for Linux: Version 10.2.0.3.0 - Production
	TCP/IP NT Protocol Adapter for Linux: Version 10.2.0.3.0 - Production
  Time: 06-JUN-2009 17:36:18


***********************************************************************
Fatal NI connect error 12537, connecting to:
 (DESCRIPTION=(ADDRESS=(PROTOCOL=TCP)(HOST=mildba09.kenan.com)(PORT=1521))(CONNECT_DATA=(SID=CQPRDCBS)(SERVER=DEDICATED)(CID=(PROGRAM=sqlplus)(HOST=fr-par-fantasio.comverse.com)(USER=nsuser))))


***********************************************************************
Fatal NI connect error 12537, connecting to:
 (DESCRIPTION=(ADDRESS=(PROTOCOL=TCP)(HOST=mildba09.kenan.com)(PORT=1521))(CONNECT_DATA=(SID=CQPRDCBS)(SERVER=DEDICATED)(CID=(PROGRAM=sqlplus)(HOST=fr-par-fantasio.comverse.com)(USER=nsuser))))

  VERSION INFORMATION:
	TNS for Linux: Version 10.2.0.3.0 - Production
	TCP/IP NT Protocol Adapter for Linux: Version 10.2.0.3.0 - Production
  Time: 06-JUN-2009 17:36:18
  Tracing not turned on.
  Tns error struct:
    ns main err code: 12537
    TNS-12537: TNS:connection closed
    ns secondary err code: 12560
    nt main err code: 507
    TNS-00507: Connection closed
    nt secondary err code: 0
    nt OS err code: 0


***********************************************************************
Fatal NI connect error 12537, connecting to:
 (DESCRIPTION=(ADDRESS=(PROTOCOL=TCP)(HOST=mildba09.kenan.com)(PORT=1521))(CONNECT_DATA=(SID=CQPRDCBS)(SERVER=DEDICATED)(CID=(PROGRAM=sqlplus)(HOST=fr-par-fantasio.comverse.com)(USER=nsuser))))

  VERSION INFORMATION:
	TNS for Linux: Version 10.2.0.3.0 - Production
	TCP/IP NT Protocol Adapter for Linux: Version 10.2.0.3.0 - Production
  Time: 06-JUN-2009 17:36:18
  Tracing not turned on.
  Tns error struct:
    ns main err code: 12537
    TNS-12537: TNS:connection closed
    ns secondary err code: 12560
    nt main err code: 507
    TNS-00507: Connection closed
    nt secondary err code: 0


***********************************************************************
Fatal NI connect error 12537, connecting to:
 (DESCRIPTION=(ADDRESS=(PROTOCOL=TCP)(HOST=mildba09.kenan.com)(PORT=1521))(CONNECT_DATA=(SID=CQPRDCBS)(SERVER=DEDICATED)(CID=(PROGRAM=sqlplus)(HOST=fr-par-fantasio.comverse.com)(USER=nsuser))))

  VERSION INFORMATION:
	TNS for Linux: Version 10.2.0.3.0 - Production
	TCP/IP NT Protocol Adapter for Linux: Version 10.2.0.3.0 - Production
  Time: 06-JUN-2009 17:36:18
  Tracing not turned on.
  Tns error struct:
    ns main err code: 12537


***********************************************************************
Fatal NI connect error 12537, connecting to:
 (DESCRIPTION=(ADDRESS=(PROTOCOL=TCP)(HOST=mildba09.kenan.com)(PORT=1521))(CONNECT_DATA=(SID=CQPRDCBS)(SERVER=DEDICATED)(CID=(PROGRAM=sqlplus)(HOST=fr-par-fantasio.comverse.com)(USER=nsuser))))
    TNS-12537: TNS:connection closed


***********************************************************************
Fatal NI connect error 12537, connecting to:
 (DESCRIPTION=(ADDRESS=(PROTOCOL=TCP)(HOST=mildba09.kenan.com)(PORT=1521))(CONNECT_DATA=(SID=CQPRDCBS)(SERVER=DEDICATED)(CID=(PROGRAM=sqlplus)(HOST=fr-par-fantasio.comverse.com)(USER=nsuser))))

  VERSION INFORMATION:
	TNS for Linux: Version 10.2.0.3.0 - Production
	TCP/IP NT Protocol Adapter for Linux: Version 10.2.0.3.0 - Production
  Time: 06-JUN-2009 17:36:18
  Tracing not turned on.
  Tns error struct:
    ns main err code: 12537

  VERSION INFORMATION:
	TNS for Linux: Version 10.2.0.3.0 - Production
	TCP/IP NT Protocol Adapter for Linux: Version 10.2.0.3.0 - Production
  Time: 06-JUN-2009 17:36:18
  Tracing not turned on.
  Tns error struct:

  VERSION INFORMATION:
	TNS for Linux: Version 10.2.0.3.0 - Production
	TCP/IP NT Protocol Adapter for Linux: Version 10.2.0.3.0 - Production
  Time: 06-JUN-2009 17:36:18
  Tracing not turned on.
  Tns error struct:
    ns main err code: 12537
    nt OS err code: 0
    

***********************************************************************
Fatal NI connect error 12537, connecting to:
 (DESCRIPTION=(ADDRESS=(PROTOCOL=TCP)(HOST=mildba09.kenan.com)(PORT=1521))(CONNECT_DATA=(SID=CQPRDCBS)(SERVER=DEDICATED)(CID=(PROGRAM=sqlplus)(HOST=fr-par-fantasio.comverse.com)(USER=nsuser))))

  VERSION INFORMATION:
	TNS for Linux: Version 10.2.0.3.0 - Production
	TCP/IP NT Protocol Adapter for Linux: Version 10.2.0.3.0 - Production
  Time: 06-JUN-2009 17:36:18
  Tracing not turned on.
  Tns error struct:
    ns main err code: 12537
    TNS-12537: TNS:connection closed
    ns secondary err code: 12560
    nt main err code: 507
    TNS-00507: Connection closed
    nt secondary err code: 0


***********************************************************************
Fatal NI connect error 12537, connecting to:
 (DESCRIPTION=(ADDRESS=(PROTOCOL=TCP)(HOST=mildba09.kenan.com)(PORT=1521))(CONNECT_DATA=(SID=CQPRDCBS)(SERVER=DEDICATED)(CID=(PROGRAM=sqlplus)(HOST=fr-par-fantasio.comverse.com)(USER=nsuser))))

  VERSION INFORMATION:
	TNS for Linux: Version 10.2.0.3.0 - Production
	TCP/IP NT Protocol Adapter for Linux: Version 10.2.0.3.0 - Production
  Time: 06-JUN-2009 17:36:18
  Tracing not turned on.
  Tns error struct:
    ns main err code: 12537
    TNS-12537: TNS:connection closed
    ns secondary err code: 12560
    nt main err code: 507
    TNS-00507: Connection closed
    nt secondary err code: 0


***********************************************************************
Fatal NI connect error 12537, connecting to:
 (DESCRIPTION=(ADDRESS=(PROTOCOL=TCP)(HOST=mildba09.kenan.com)(PORT=1521))(CONNECT_DATA=(SID=CQPRDCBS)(SERVER=DEDICATED)(CID=(PROGRAM=sqlplus)(HOST=fr-par-fantasio.comverse.com)(USER=nsuser))))

  VERSION INFORMATION:
	TNS for Linux: Version 10.2.0.3.0 - Production
	TCP/IP NT Protocol Adapter for Linux: Version 10.2.0.3.0 - Production
  Time: 06-JUN-2009 17:36:18
  Tracing not turned on.
  Tns error struct:
    ns main err code: 12537
    nt OS err code: 0
    TNS-12537: TNS:connection closed
    ns secondary err code: 12560
    nt main err code: 507
    TNS-00507: Connection closed
    nt secondary err code: 0
    nt OS err code: 0


***********************************************************************
Fatal NI connect error 12537, connecting to:
 (DESCRIPTION=(ADDRESS=(PROTOCOL=TCP)(HOST=mildba09.kenan.com)(PORT=1521))(CONNECT_DATA=(SID=CQPRDCBS)(SERVER=DEDICATED)(CID=(PROGRAM=sqlplus)(HOST=fr-par-fantasio.comverse.com)(USER=nsuser))))


***********************************************************************
Fatal NI connect error 12537, connecting to:
 (DESCRIPTION=(ADDRESS=(PROTOCOL=TCP)(HOST=mildba09.kenan.com)(PORT=1521))(CONNECT_DATA=(SID=CQPRDCBS)(SERVER=DEDICATED)(CID=(PROGRAM=sqlplus)(HOST=fr-par-fantasio.comverse.com)(USER=nsuser))))

  VERSION INFORMATION:
	TNS for Linux: Version 10.2.0.3.0 - Production
	TCP/IP NT Protocol Adapter for Linux: Version 10.2.0.3.0 - Production
  Time: 06-JUN-2009 17:36:18
  Tracing not turned on.
  Tns error struct:
    ns main err code: 12537
    TNS-12537: TNS:connection closed
    TNS-12537: TNS:connection closed
    ns secondary err code: 12560
    nt main err code: 507


***********************************************************************
Fatal NI connect error 12537, connecting to:
 (DESCRIPTION=(ADDRESS=(PROTOCOL=TCP)(HOST=mildba09.kenan.com)(PORT=1521))(CONNECT_DATA=(SID=CQPRDCBS)(SERVER=DEDICATED)(CID=(PROGRAM=sqlplus)(HOST=fr-par-fantasio.comverse.com)(USER=nsuser))))

  VERSION INFORMATION:
	TNS for Linux: Version 10.2.0.3.0 - Production
	TCP/IP NT Protocol Adapter for Linux: Version 10.2.0.3.0 - Production
  Time: 06-JUN-2009 17:36:18
  Tracing not turned on.
  Tns error struct:
    ns main err code: 12537
TNS-12537: TNS:connection closed
    ns secondary err code: 12560
    nt main err code: 507
    TNS-12537: TNS:connection closed
    ns secondary err code: 12560
    nt main err code: 507
    TNS-00507: Connection closed
    nt secondary err code: 0
    nt OS err code: 0
    nt OS err code: 0


***********************************************************************
Fatal NI connect error 12537, connecting to:
 (DESCRIPTION=(ADDRESS=(PROTOCOL=TCP)(HOST=mildba09.kenan.com)(PORT=1521))(CONNECT_DATA=(SID=CQPRDCBS)(SERVER=DEDICATED)(CID=(PROGRAM=sqlplus)(HOST=fr-par-fantasio.comverse.com)(USER=nsuser))))

  VERSION INFORMATION:
	TNS for Linux: Version 10.2.0.3.0 - Production
	TCP/IP NT Protocol Adapter for Linux: Version 10.2.0.3.0 - Production
  Time: 06-JUN-2009 17:36:18
  Tracing not turned on.
  Tns error struct:
    ns main err code: 12537
    TNS-12537: TNS:connection closed
    ns secondary err code: 12560
    nt main err code: 507
    TNS-00507: Connection closed
    nt secondary err code: 0


***********************************************************************
Fatal NI connect error 12537, connecting to:
 (DESCRIPTION=(ADDRESS=(PROTOCOL=TCP)(HOST=mildba09.kenan.com)(PORT=1521))(CONNECT_DATA=(SID=CQPRDCBS)(SERVER=DEDICATED)(CID=(PROGRAM=sqlplus)(HOST=fr-par-fantasio.comverse.com)(USER=nsuser))))

  VERSION INFORMATION:
	TNS for Linux: Version 10.2.0.3.0 - Production
	TCP/IP NT Protocol Adapter for Linux: Version 10.2.0.3.0 - Production
  Time: 06-JUN-2009 17:36:18
  Tracing not turned on.
  Tns error struct:
    ns main err code: 12537
    TNS-12537: TNS:connection closed
    ns secondary err code: 12560
    nt main err code: 507
    TNS-00507: Connection closed
    nt secondary err code: 0
    nt OS err code: 0
    nt OS err code: 0


***********************************************************************
Fatal NI connect error 12537, connecting to:
 (DESCRIPTION=(ADDRESS=(PROTOCOL=TCP)(HOST=mildba09.kenan.com)(PORT=1521))(CONNECT_DATA=(SID=CQPRDCBS)(SERVER=DEDICATED)(CID=(PROGRAM=sqlplus)(HOST=fr-par-fantasio.comverse.com)(USER=nsuser))))

  VERSION INFORMATION:
	TNS for Linux: Version 10.2.0.3.0 - Production
	TCP/IP NT Protocol Adapter for Linux: Version 10.2.0.3.0 - Production
  Time: 06-JUN-2009 17:36:18
  Tracing not turned on.
  Tns error struct:
    ns main err code: 12537
    TNS-12537: TNS:connection closed
    ns secondary err code: 12560
    nt main err code: 507
    TNS-00507: Connection closed
    nt secondary err code: 0
    nt OS err code: 0
  Tracing not turned on.
  Tns error struct:
    ns main err code: 12537
    TNS-12537: TNS:connection closed
    ns secondary err code: 12560
    nt main err code: 507
    TNS-00507: Connection closed
    nt secondary err code: 0
    nt OS err code: 0
    nt OS err code: 0
    ns secondary err code: 12560
    nt main err code: 507
    TNS-00507: Connection closed
    nt secondary err code: 0

  VERSION INFORMATION:
	TNS for Linux: Version 10.2.0.3.0 - Production
	TCP/IP NT Protocol Adapter for Linux: Version 10.2.0.3.0 - Production
  Time: 06-JUN-2009 17:36:18
  Tracing not turned on.
  Tns error struct:
    ns main err code: 12537
    TNS-12537: TNS:connection closed
    ns secondary err code: 12560
    nt main err code: 507
    TNS-00507: Connection closed
    nt secondary err code: 0
    ns main err code: 12537
    TNS-12537: TNS:connection closed
    ns secondary err code: 12560
    nt main err code: 507
    TNS-00507: Connection closed
    nt secondary err code: 0
    nt OS err code: 0
    nt OS err code: 0
    TNS-00507: Connection closed
        nt OS err code: 0
    ns secondary err code: 12560
    nt main err code: 507
    TNS-00507: Connection closed
    nt secondary err code: 0
    nt secondary err code: 0
    nt OS err code: 0
    nt OS err code: 0
TNS-00507: Connection closed
    nt secondary err code: 0
    nt OS err code: 0


***********************************************************************
Fatal NI connect error 12547, connecting to:
 (DESCRIPTION=(ADDRESS=(PROTOCOL=TCP)(HOST=mildba09.kenan.com)(PORT=1521))(CONNECT_DATA=(SID=CQPRDCBS)(SERVER=DEDICATED)(CID=(PROGRAM=sqlplus)(HOST=fr-par-fantasio.comverse.com)(USER=nsuser))))

  VERSION INFORMATION:
	TNS for Linux: Version 10.2.0.3.0 - Production
	TCP/IP NT Protocol Adapter for Linux: Version 10.2.0.3.0 - Production
  Time: 12-JUN-2009 05:00:46
  Tracing not turned on.
  Tns error struct:
    ns main err code: 12547
    TNS-12547: TNS:lost contact
    ns secondary err code: 12560
    nt main err code: 517
    TNS-00517: Lost contact
    nt secondary err code: 104
    nt OS err code: 0


***********************************************************************
Fatal NI connect error 12547, connecting to:
 (DESCRIPTION=(ADDRESS=(PROTOCOL=TCP)(HOST=mildba09.kenan.com)(PORT=1521))(CONNECT_DATA=(SID=CQPRDCBS)(SERVER=DEDICATED)(CID=(PROGRAM=sqlplus)(HOST=fr-par-fantasio.comverse.com)(USER=nsuser))))

  VERSION INFORMATION:
	TNS for Linux: Version 10.2.0.3.0 - Production
	TCP/IP NT Protocol Adapter for Linux: Version 10.2.0.3.0 - Production
  Time: 05-JUL-2009 14:50:01
  Tracing not turned on.
  Tns error struct:
    ns main err code: 12547
    TNS-12547: TNS:lost contact
    ns secondary err code: 12560
    nt main err code: 517
    TNS-00517: Lost contact
    nt secondary err code: 104
    nt OS err code: 0


***********************************************************************
Fatal NI connect error 12547, connecting to:
 (DESCRIPTION=(ADDRESS=(PROTOCOL=TCP)(HOST=mildba09.kenan.com)(PORT=1521))(CONNECT_DATA=(SID=CQPRDCBS)(SERVER=DEDICATED)(CID=(PROGRAM=sqlplus)(HOST=fr-par-fantasio.comverse.com)(USER=nsuser))))

  VERSION INFORMATION:
	TNS for Linux: Version 10.2.0.3.0 - Production
	TCP/IP NT Protocol Adapter for Linux: Version 10.2.0.3.0 - Production
  Time: 05-JUL-2009 16:00:02
  Tracing not turned on.
  Tns error struct:
    ns main err code: 12547
    TNS-12547: TNS:lost contact
    ns secondary err code: 12560
    nt main err code: 517
    TNS-00517: Lost contact
    nt secondary err code: 104
    nt OS err code: 0


***********************************************************************
Fatal NI connect error 12545, connecting to:
 (DESCRIPTION=(ADDRESS=(PROTOCOL=TCP)(HOST=mildba09.kenan.com)(PORT=1521))(CONNECT_DATA=(SID=CQPRDCBS)(SERVER=DEDICATED)(CID=(PROGRAM=sqlplus)(HOST=fr-par-fantasio.comverse.com)(USER=nsuser))))

  VERSION INFORMATION:
	TNS for Linux: Version 10.2.0.3.0 - Production
	TCP/IP NT Protocol Adapter for Linux: Version 10.2.0.3.0 - Production
  Time: 07-JUL-2009 05:40:01
  Tracing not turned on.
  Tns error struct:
    ns main err code: 12545
    TNS-12545: Connect failed because target host or object does not exist
    ns secondary err code: 12560
    nt main err code: 515
    TNS-00515: Connect failed because target host or object does not exist
    nt secondary err code: 11
    nt OS err code: 0


***********************************************************************
Fatal NI connect error 12545, connecting to:
 (DESCRIPTION=(ADDRESS=(PROTOCOL=TCP)(HOST=mildba09.kenan.com)(PORT=1521))(CONNECT_DATA=(SID=CQPRDCBS)(SERVER=DEDICATED)(CID=(PROGRAM=sqlplus)(HOST=fr-par-fantasio.comverse.com)(USER=nsuser))))

  VERSION INFORMATION:
	TNS for Linux: Version 10.2.0.3.0 - Production
	TCP/IP NT Protocol Adapter for Linux: Version 10.2.0.3.0 - Production
  Time: 26-JUL-2009 21:40:41
  Tracing not turned on.
  Tns error struct:
    ns main err code: 12545
    TNS-12545: Connect failed because target host or object does not exist
    ns secondary err code: 12560
    nt main err code: 515
    TNS-00515: Connect failed because target host or object does not exist
    nt secondary err code: 0
    nt OS err code: 0


***********************************************************************
Fatal NI connect error 12547, connecting to:
 (DESCRIPTION=(ADDRESS=(PROTOCOL=TCP)(HOST=mildba09.kenan.com)(PORT=1521))(CONNECT_DATA=(SID=CQPRDCBS)(SERVER=DEDICATED)(CID=(PROGRAM=sqlplus)(HOST=fr-par-fantasio.comverse.com)(USER=nsuser))))

  VERSION INFORMATION:
	TNS for Linux: Version 10.2.0.3.0 - Production
	TCP/IP NT Protocol Adapter for Linux: Version 10.2.0.3.0 - Production
  Time: 05-SEP-2009 17:20:01
  Tracing not turned on.
  Tns error struct:
    ns main err code: 12547
    TNS-12547: TNS:lost contact
    ns secondary err code: 12560
    nt main err code: 517
    TNS-00517: Lost contact
    nt secondary err code: 104
    nt OS err code: 0
